\BOOKMARK [1][-]{section*.1}{\376\377\000A\000b\000s\000t\000r\000a\000c\000t}{}% 1
\BOOKMARK [1][-]{section*.2}{\376\377\000A\000c\000k\000n\000o\000w\000l\000e\000d\000g\000e\000m\000e\000n\000t\000s}{}% 2
\BOOKMARK [1][-]{section*.3}{\376\377\000G\000l\000o\000s\000s\000a\000r\000y}{}% 3
\BOOKMARK [1][-]{section*.5}{\376\377\000I\000n\000t\000r\000o\000d\000u\000c\000t\000i\000o\000n}{}% 4
\BOOKMARK [1][-]{section*.6}{\376\377\000P\000r\000o\000b\000l\000e\000m\000\040\000A\000r\000t\000i\000c\000u\000l\000a\000t\000i\000o\000n}{}% 5
\BOOKMARK [2][-]{section*.7}{\376\377\000P\000r\000o\000b\000l\000e\000m\000\040\000S\000t\000a\000t\000e\000m\000e\000n\000t}{section*.6}% 6
\BOOKMARK [2][-]{section*.8}{\376\377\000S\000t\000a\000k\000e\000h\000o\000l\000d\000e\000r\000s}{section*.6}% 7
\BOOKMARK [2][-]{section*.9}{\376\377\000P\000r\000o\000j\000e\000c\000t\000\040\000M\000o\000t\000i\000v\000a\000t\000i\000o\000n}{section*.6}% 8
\BOOKMARK [2][-]{section*.10}{\376\377\000T\000e\000c\000h\000n\000i\000c\000a\000l\000\040\000S\000p\000e\000c\000i\000f\000i\000c\000a\000t\000i\000o\000n}{section*.6}% 9
\BOOKMARK [2][-]{section*.11}{\376\377\000P\000r\000o\000j\000e\000c\000t\000\040\000C\000o\000n\000s\000t\000r\000a\000i\000n\000t\000s}{section*.6}% 10
\BOOKMARK [1][-]{section*.12}{\376\377\000Q\000u\000a\000l\000i\000t\000y\000\040\000G\000o\000a\000l\000s}{}% 11
\BOOKMARK [1][-]{section*.13}{\376\377\000L\000i\000t\000e\000r\000a\000t\000u\000r\000e\000\040\000R\000e\000v\000i\000e\000w}{}% 12
\BOOKMARK [2][-]{section*.14}{\376\377\000E\000x\000i\000s\000t\000i\000n\000g\000\040\000T\000o\000o\000l\000s}{section*.13}% 13
\BOOKMARK [2][-]{section*.15}{\376\377\000R\000e\000l\000a\000t\000e\000d\000\040\000r\000e\000s\000e\000a\000r\000c\000h}{section*.13}% 14
\BOOKMARK [2][-]{section*.16}{\376\377\000D\000a\000t\000a\000\040\000C\000o\000l\000l\000e\000c\000t\000i\000o\000n}{section*.13}% 15
\BOOKMARK [3][-]{section*.17}{\376\377\000T\000w\000i\000t\000t\000e\000r\000\040\000a\000n\000d\000\040\000T\000w\000i\000t\000t\000e\000r\000\040\000A\000P\000I}{section*.16}% 16
\BOOKMARK [3][-]{section*.18}{\376\377\000T\000w\000e\000e\000p\000y\000\040\000P\000y\000t\000h\000o\000n\000\040\000P\000a\000c\000k\000a\000g\000e}{section*.16}% 17
\BOOKMARK [2][-]{section*.19}{\376\377\000S\000e\000n\000t\000i\000m\000e\000n\000t\000\040\000A\000n\000a\000l\000y\000s\000i\000s}{section*.13}% 18
\BOOKMARK [3][-]{section*.20}{\376\377\000N\000a\000t\000u\000r\000a\000l\000\040\000L\000a\000n\000g\000u\000a\000g\000e\000\040\000P\000r\000o\000c\000e\000s\000s\000i\000n\000g}{section*.19}% 19
\BOOKMARK [3][-]{section*.21}{\376\377\000V\000a\000l\000e\000n\000c\000e\000\040\000A\000w\000a\000r\000e\000\040\000D\000i\000c\000t\000i\000o\000n\000a\000r\000y\000\040\000a\000n\000d\000\040\000s\000E\000n\000t\000i\000m\000e\000n\000t\000\040\000R\000e\000a\000s\000o\000n\000i\000n\000g}{section*.19}% 20
\BOOKMARK [2][-]{section*.22}{\376\377\000N\000e\000u\000r\000a\000l\000\040\000N\000e\000t\000w\000o\000r\000k\000s}{section*.13}% 21
\BOOKMARK [3][-]{section*.23}{\376\377\000R\000e\000c\000u\000r\000r\000e\000n\000t\000\040\000N\000e\000u\000r\000a\000l\000\040\000N\000e\000t\000w\000o\000r\000k\000\040\000\050\000R\000N\000N\000\051}{section*.22}% 22
\BOOKMARK [3][-]{section*.24}{\376\377\000L\000o\000n\000g\000-\000S\000h\000o\000r\000t\000\040\000T\000e\000r\000m\000\040\000M\000e\000m\000o\000r\000y\000\040\000\050\000L\000S\000T\000M\000\051}{section*.22}% 23
\BOOKMARK [3][-]{section*.25}{\376\377\000K\000e\000r\000a\000s\000\040\000a\000n\000d\000\040\000T\000e\000n\000s\000o\000r\000F\000l\000o\000w}{section*.22}% 24
\BOOKMARK [3][-]{section*.26}{\376\377\000O\000p\000t\000i\000m\000i\000s\000e\000r\000s}{section*.22}% 25
\BOOKMARK [2][-]{section*.27}{\376\377\000M\000a\000c\000h\000i\000n\000e\000\040\000L\000e\000a\000r\000n\000i\000n\000g}{section*.13}% 26
\BOOKMARK [3][-]{section*.28}{\376\377\000N\000a\000i\000v\000e\000\040\000B\000a\000y\000e\000s}{section*.27}% 27
\BOOKMARK [2][-]{section*.29}{\376\377\000B\000a\000g\000\040\000O\000f\000\040\000W\000o\000r\000d\000s}{section*.13}% 28
\BOOKMARK [2][-]{section*.30}{\376\377\000T\000F\000-\000I\000D\000F}{section*.13}% 29
\BOOKMARK [2][-]{section*.31}{\376\377\000A\000d\000d\000i\000c\000t\000i\000v\000e\000\040\000S\000m\000o\000o\000t\000h\000i\000n\000g}{section*.13}% 30
\BOOKMARK [1][-]{section*.32}{\376\377\000S\000o\000l\000u\000t\000i\000o\000n\000\040\000A\000p\000p\000r\000o\000a\000c\000h}{}% 31
\BOOKMARK [2][-]{section*.33}{\376\377\000D\000a\000t\000a\000\040\000g\000a\000t\000h\000e\000r\000i\000n\000g}{section*.32}% 32
\BOOKMARK [2][-]{section*.34}{\376\377\000D\000a\000t\000a\000\040\000p\000r\000e\000-\000p\000r\000o\000c\000e\000s\000s\000i\000n\000g}{section*.32}% 33
\BOOKMARK [2][-]{section*.35}{\376\377\000S\000p\000a\000m\000\040\000F\000i\000l\000t\000e\000r\000i\000n\000g}{section*.32}% 34
\BOOKMARK [2][-]{section*.36}{\376\377\000L\000a\000n\000g\000u\000a\000g\000e\000\040\000D\000e\000t\000e\000c\000t\000i\000o\000n}{section*.32}% 35
\BOOKMARK [2][-]{section*.37}{\376\377\000S\000e\000n\000t\000i\000m\000e\000n\000t\000\040\000A\000n\000a\000l\000y\000s\000i\000s}{section*.32}% 36
\BOOKMARK [2][-]{section*.38}{\376\377\000N\000e\000u\000r\000a\000l\000\040\000N\000e\000t\000w\000o\000r\000k}{section*.32}% 37
\BOOKMARK [2][-]{section*.40}{\376\377\000P\000r\000i\000c\000e\000\040\000F\000o\000r\000e\000c\000a\000s\000t\000i\000n\000g}{section*.32}% 38
\BOOKMARK [2][-]{section*.41}{\376\377\000F\000r\000o\000n\000t\000e\000n\000d\000\040\000A\000p\000p\000l\000i\000c\000a\000t\000i\000o\000n}{section*.32}% 39
\BOOKMARK [2][-]{section*.42}{\376\377\000W\000i\000t\000h\000\040\000r\000e\000f\000e\000r\000e\000n\000c\000e\000\040\000t\000o\000\040\000I\000n\000i\000t\000i\000a\000l\000\040\000P\000I\000D}{section*.32}% 40
\BOOKMARK [2][-]{section*.43}{\376\377\000S\000o\000l\000u\000t\000i\000o\000n\000\040\000S\000u\000m\000m\000a\000r\000y}{section*.32}% 41
\BOOKMARK [2][-]{section*.44}{\376\377\000D\000a\000t\000a\000\040\000f\000l\000o\000w\000\040\000O\000v\000e\000r\000v\000i\000e\000w}{section*.32}% 42
\BOOKMARK [1][-]{section*.45}{\376\377\000S\000y\000s\000t\000e\000m\000\040\000D\000e\000s\000i\000g\000n}{}% 43
\BOOKMARK [2][-]{section*.46}{\376\377\000D\000a\000t\000a\000f\000l\000o\000w\000\040\000D\000e\000s\000i\000g\000n\000s}{section*.45}% 44
\BOOKMARK [2][-]{section*.47}{\376\377\000I\000n\000t\000e\000r\000f\000a\000c\000e\000\040\000D\000e\000s\000i\000g\000n}{section*.45}% 45
\BOOKMARK [1][-]{section*.49}{\376\377\000I\000m\000p\000l\000e\000m\000e\000n\000t\000a\000t\000i\000o\000n}{}% 46
\BOOKMARK [2][-]{section*.50}{\376\377\000D\000a\000t\000a\000\040\000c\000o\000l\000l\000e\000c\000t\000i\000o\000n}{section*.49}% 47
\BOOKMARK [3][-]{section*.51}{\376\377\000P\000r\000i\000c\000e\000\040\000T\000i\000m\000e\000-\000S\000e\000r\000i\000e\000s\000\040\000H\000i\000s\000t\000o\000r\000i\000c\000a\000l\000\040\000D\000a\000t\000a}{section*.50}% 48
\BOOKMARK [3][-]{section*.52}{\376\377\000P\000r\000i\000c\000e\000\040\000T\000i\000m\000e\000-\000S\000e\000r\000i\000e\000s\000\040\000L\000i\000v\000e\000\040\000D\000a\000t\000a}{section*.50}% 49
\BOOKMARK [3][-]{section*.53}{\376\377\000H\000i\000s\000t\000o\000r\000i\000c\000a\000l\000\040\000T\000w\000e\000e\000t\000\040\000C\000o\000l\000l\000e\000c\000t\000i\000o\000n}{section*.50}% 50
\BOOKMARK [3][-]{section*.54}{\376\377\000L\000i\000v\000e\000\040\000T\000w\000e\000e\000t\000\040\000C\000o\000l\000l\000e\000c\000t\000i\000o\000n}{section*.50}% 51
\BOOKMARK [2][-]{section*.55}{\376\377\000D\000a\000t\000a\000\040\000p\000r\000e\000-\000p\000r\000o\000c\000e\000s\000s\000i\000n\000g}{section*.49}% 52
\BOOKMARK [2][-]{section*.56}{\376\377\000S\000p\000a\000m\000\040\000F\000i\000l\000t\000e\000r\000i\000n\000g}{section*.49}% 53
\BOOKMARK [2][-]{section*.57}{\376\377\000S\000e\000n\000t\000i\000m\000e\000n\000t\000\040\000A\000n\000a\000l\000y\000s\000i\000s}{section*.49}% 54
\BOOKMARK [3][-]{section*.58}{\376\377\000V\000A\000D\000E\000R}{section*.57}% 55
\BOOKMARK [2][-]{section*.59}{\376\377\000R\000e\000c\000u\000r\000r\000e\000n\000t\000\040\000N\000e\000u\000r\000a\000l\000\040\000N\000e\000t\000w\000o\000r\000k\000\040\000-\000\040\000L\000S\000T\000M}{section*.49}% 56
\BOOKMARK [3][-]{section*.60}{\376\377\000T\000r\000a\000i\000n\000i\000n\000g\000\040\000a\000n\000d\000\040\000T\000e\000s\000t\000i\000n\000g\000\040\000M\000o\000d\000e\000l}{section*.59}% 57
\BOOKMARK [3][-]{section*.61}{\376\377\000S\000c\000o\000r\000i\000n\000g\000\040\000a\000n\000d\000\040\000V\000a\000l\000i\000d\000a\000t\000i\000o\000n}{section*.59}% 58
\BOOKMARK [2][-]{section*.62}{\376\377\000F\000u\000t\000u\000r\000e\000\040\000P\000r\000e\000d\000i\000c\000t\000i\000o\000n\000\040\000F\000o\000r\000e\000c\000a\000s\000t\000i\000n\000g}{section*.49}% 59
\BOOKMARK [2][-]{section*.63}{\376\377\000M\000a\000i\000n\000\040\000F\000i\000l\000e\000\040\000'\000M\000a\000i\000n\000.\000p\000y\000'}{section*.49}% 60
\BOOKMARK [2][-]{section*.64}{\376\377\000M\000i\000s\000c\000e\000l\000l\000a\000n\000e\000o\000u\000s}{section*.49}% 61
\BOOKMARK [1][-]{section*.65}{\376\377\000T\000e\000s\000t\000i\000n\000g\000\040\000M\000e\000t\000r\000i\000c\000s\000\040\000a\000n\000d\000\040\000A\000c\000c\000u\000r\000a\000c\000y}{}% 62
\BOOKMARK [1][-]{section*.66}{\376\377\000P\000r\000o\000j\000e\000c\000t\000\040\000E\000v\000a\000l\000u\000a\000t\000i\000o\000n}{}% 63
\BOOKMARK [1][-]{section*.67}{\376\377\000D\000i\000s\000c\000u\000s\000s\000i\000o\000n\000:\000\040\000C\000o\000n\000t\000r\000i\000b\000u\000t\000i\000o\000n\000\040\000a\000n\000d\000\040\000R\000e\000f\000l\000e\000c\000t\000i\000o\000n}{}% 64
\BOOKMARK [2][-]{section*.68}{\376\377\000L\000i\000m\000i\000t\000a\000t\000i\000o\000n\000s}{section*.67}% 65
\BOOKMARK [1][-]{section*.69}{\376\377\000C\000o\000n\000c\000l\000u\000s\000i\000o\000n\000\040\000a\000n\000d\000\040\000F\000u\000t\000u\000r\000e\000\040\000I\000m\000p\000r\000o\000v\000e\000m\000e\000n\000t\000s}{}% 66
\BOOKMARK [2][-]{section*.70}{\376\377\000C\000o\000n\000c\000l\000u\000s\000i\000o\000n}{section*.69}% 67
\BOOKMARK [2][-]{section*.71}{\376\377\000F\000u\000t\000u\000r\000e\000\040\000I\000m\000p\000r\000o\000v\000e\000m\000e\000n\000t\000s}{section*.69}% 68
\BOOKMARK [1][-]{section*.73}{\376\377\000A\000p\000p\000e\000n\000d\000i\000c\000e\000s}{}% 69
\BOOKMARK [2][-]{section*.74}{\376\377\000A\000p\000p\000e\000n\000d\000i\000x\000\040\000A\000\040\000-\000\040\000P\000r\000o\000j\000e\000c\000t\000\040\000I\000n\000i\000t\000i\000a\000t\000i\000o\000n\000\040\000D\000o\000c\000u\000m\000e\000n\000t}{section*.73}% 70
\BOOKMARK [2][-]{section*.75}{\376\377\000A\000p\000p\000e\000n\000d\000i\000x\000\040\000B\000\040\000-\000\040\000L\000o\000g\000\040\000b\000o\000o\000k}{section*.73}% 71
